<?xml version="1.0" encoding="UTF-8"?>
<testng-results ignored="1" total="2" passed="1" failed="0" skipped="0">
  <reporter-output>
  </reporter-output>
  <suite started-at="2019-09-19T13:05:07Z" name="Default suite" finished-at="2019-09-19T13:05:11Z" duration-ms="3456">
    <groups>
    </groups>
    <test started-at="2019-09-19T13:05:07Z" name="Default test" finished-at="2019-09-19T13:05:11Z" duration-ms="3456">
      <class name="test.GetTest">
        <test-method is-config="true" signature="setUpEnvironment()[pri:0, instance:test.GetTest@87a85e1]" started-at="2019-09-19T13:05:07Z" name="setUpEnvironment" finished-at="2019-09-19T13:05:08Z" duration-ms="714" status="PASS">
          <reporter-output>
          </reporter-output>
        </test-method> <!-- setUpEnvironment -->
        <test-method is-config="true" signature="beforeMethod()[pri:0, instance:test.GetTest@87a85e1]" started-at="2019-09-19T13:05:08Z" name="beforeMethod" finished-at="2019-09-19T13:05:09Z" duration-ms="655" status="PASS">
          <reporter-output>
          </reporter-output>
        </test-method> <!-- beforeMethod -->
        <test-method signature="postUserDetails()[pri:0, instance:test.GetTest@87a85e1]" started-at="2019-09-19T13:05:09Z" name="postUserDetails" finished-at="2019-09-19T13:05:11Z" duration-ms="2060" status="PASS">
          <reporter-output>
          </reporter-output>
        </test-method> <!-- postUserDetails -->
        <test-method is-config="true" signature="afterClass()[pri:0, instance:test.GetTest@87a85e1]" started-at="2019-09-19T13:05:11Z" name="afterClass" finished-at="2019-09-19T13:05:11Z" duration-ms="0" status="PASS">
          <reporter-output>
          </reporter-output>
        </test-method> <!-- afterClass -->
      </class> <!-- test.GetTest -->
    </test> <!-- Default test -->
  </suite> <!-- Default suite -->
</testng-results>
